<?xml version="1.0" encoding="UTF-8"?>
<!-- Generated by org.testng.reporters.JUnitReportReporter -->
<testsuite hostname="IQZNGLLT011" failures="0" tests="4" name="packageDemo.Cross_Program1" time="80.177" errors="0" timestamp="2021-11-18T18:12:11 IST" skipped="0">
  <testcase classname="packageDemo.Cross_Program1" name="testyahoo" time="26.074"/>
  <system-out/>
  <testcase classname="packageDemo.Cross_Program1" name="testgoogle" time="16.576"/>
  <system-out/>
  <testcase classname="packageDemo.Cross_Program1" name="testgoogle" time="15.836"/>
  <system-out/>
  <testcase classname="packageDemo.Cross_Program1" name="testyahoo" time="21.691"/>
  <system-out/>
</testsuite> <!-- packageDemo.Cross_Program1 -->
