<?xml version="1.0" encoding="UTF-8"?>
<!-- Generated by org.testng.reporters.JUnitReportReporter -->
<testsuite hostname="IQZNGLLT011" failures="0" tests="8" name="Demo.socialMedia" time="125.885" errors="0" timestamp="2021-11-26T22:55:52 IST" skipped="0">
  <testcase classname="Demo.socialMedia" name="launch_app" time="13.305"/>
  <system-out/>
  <testcase classname="Demo.socialMedia" name="FaMedium" time="16.366"/>
  <system-out/>
  <testcase classname="Demo.socialMedia" name="Youtube" time="15.575"/>
  <system-out/>
  <testcase classname="Demo.socialMedia" name="github" time="15.482"/>
  <system-out/>
  <testcase classname="Demo.socialMedia" name="paperplane" time="15.469"/>
  <system-out/>
  <testcase classname="Demo.socialMedia" name="facebook" time="15.582"/>
  <system-out/>
  <testcase classname="Demo.socialMedia" name="Linkedin" time="15.503"/>
  <system-out/>
  <testcase classname="Demo.socialMedia" name="twitter" time="18.603"/>
  <system-out/>
</testsuite> <!-- Demo.socialMedia -->
