<?xml version="1.0" encoding="UTF-8"?>
<!-- Generated by org.testng.reporters.JUnitReportReporter -->
<testsuite hostname="IQZNGLLT011" failures="0" tests="5" name="Demo.wait_explicit" time="22.844" errors="0" timestamp="2021-11-26T23:09:13 IST" skipped="0">
  <testcase classname="Demo.wait_explicit" name="enter_password" time="0.287"/>
  <system-out/>
  <testcase classname="Demo.wait_explicit" name="get_title" time="2.036"/>
  <system-out/>
  <testcase classname="Demo.wait_explicit" name="enter_user" time="0.302"/>
  <system-out/>
  <testcase classname="Demo.wait_explicit" name="clicklogin" time="18.046"/>
  <system-out/>
  <testcase classname="Demo.wait_explicit" name="launch_app" time="2.173"/>
  <system-out/>
</testsuite> <!-- Demo.wait_explicit -->
