<?xml version="1.0" encoding="UTF-8"?>
<!-- Generated by org.testng.reporters.JUnitReportReporter -->
<testsuite hostname="IQZNGLLT011" failures="0" tests="5" name="Demo.wait_implicit" time="19.192" errors="0" timestamp="2021-11-26T23:17:36 IST" skipped="0">
  <testcase classname="Demo.wait_implicit" name="get_title" time="2.033"/>
  <system-out/>
  <testcase classname="Demo.wait_implicit" name="launch_app" time="1.888"/>
  <system-out/>
  <testcase classname="Demo.wait_implicit" name="enter_password" time="0.154"/>
  <system-out/>
  <testcase classname="Demo.wait_implicit" name="clicklogin" time="14.955"/>
  <system-out/>
  <testcase classname="Demo.wait_implicit" name="enter_user" time="0.162"/>
  <system-out/>
</testsuite> <!-- Demo.wait_implicit -->
