<?xml version="1.0" encoding="UTF-8"?>
<!-- Generated by org.testng.reporters.JUnitReportReporter -->
<testsuite hostname="IQZNGLLT011" failures="0" tests="5" name="packageDemo.loginPage" time="50.444" errors="0" timestamp="2021-11-22T21:12:31 IST" skipped="0">
  <testcase classname="packageDemo.loginPage" name="launch_app" time="12.154"/>
  <system-out/>
  <testcase classname="packageDemo.loginPage" name="Click_button" time="22.961"/>
  <system-out/>
  <testcase classname="packageDemo.loginPage" name="enter_password" time="5.148"/>
  <system-out/>
  <testcase classname="packageDemo.loginPage" name="Page_title" time="5.030"/>
  <system-out/>
  <testcase classname="packageDemo.loginPage" name="enter_user" time="5.151"/>
  <system-out/>
</testsuite> <!-- packageDemo.loginPage -->
